#
# An unexpected error has been detected by Java Runtime Environment:
#
#  EXCEPTION_ACCESS_VIOLATION (0xc0000005) at pc=0x6d10141b, pid=3820, tid=824
#
# Java VM: Java HotSpot(TM) Client VM (1.6.0-b105 mixed mode, sharing)
# Problematic frame:
# C  [awt.dll+0x10141b]
#
# If you would like to submit a bug report, please visit:
#   http://java.sun.com/webapps/bugreport/crash.jsp
#

---------------  T H R E A D  ---------------

Current thread (0x02b33800):  JavaThread "AWT-Windows" daemon [_thread_in_native, id=824]

siginfo: ExceptionCode=0xc0000005, reading address 0xffffffff

Registers:
EAX=0xffffffff, EBX=0x00000111, ECX=0x02fbf794, EDX=0x02b00a6c
ESP=0x02fbf75c, EBP=0x00008008, ESI=0x02ba5ec8, EDI=0x7c8114ab
EIP=0x6d10141b, EFLAGS=0x00010286

Top of Stack: (sp=0x02fbf75c)
0x02fbf75c:   6d104506 00008008 00000000 00000000
0x02fbf76c:   00008008 02ba5ec8 02fbf7ec 00000111
0x02fbf77c:   00000001 02fbf854 00050270 02fbf7c0
0x02fbf78c:   00000000 02b338e8 02fbf7e0 6d13cee8
0x02fbf79c:   00000000 6d12b05e 00000111 00008008
0x02fbf7ac:   00000000 02fbf854 00050270 00000000
0x02fbf7bc:   00000000 6d0fbe08 00000111 00008008
0x02fbf7cc:   00000000 02fbf854 6d0fbdb0 00000000 

Instructions: (pc=0x6d10141b)
0x6d10140b:   04 50 b9 50 67 18 6d e8 e9 63 02 00 85 c0 74 07
0x6d10141b:   8b 10 8b c8 ff 52 04 b8 02 00 00 00 c2 0c 00 50 


Stack: [0x02f70000,0x02fc0000),  sp=0x02fbf75c,  free space=317k
Native frames: (J=compiled Java code, j=interpreted, Vv=VM code, C=native code)
C  [awt.dll+0x10141b]

[error occurred during error reporting, step 120, id 0xc0000005]

Java frames: (J=compiled Java code, j=interpreted, Vv=VM code)
j  sun.awt.windows.WToolkit.eventLoop()V+0
j  sun.awt.windows.WToolkit.run()V+69
j  java.lang.Thread.run()V+11
v  ~StubRoutines::call_stub

---------------  P R O C E S S  ---------------

Java Threads: ( => current thread )
  0x02b74c00 JavaThread "Thread-3" [_thread_in_Java, id=1304]
  0x00306000 JavaThread "DestroyJavaVM" [_thread_blocked, id=5276]
  0x03117000 JavaThread "Thread-2" [_thread_in_native, id=5144]
  0x02ba4400 JavaThread "AWT-EventQueue-0" [_thread_blocked, id=3428]
=>0x02b33800 JavaThread "AWT-Windows" daemon [_thread_in_native, id=824]
  0x02b32c00 JavaThread "AWT-Shutdown" [_thread_blocked, id=5128]
  0x02b31800 JavaThread "Java2D Disposer" daemon [_thread_blocked, id=3748]
  0x02add000 JavaThread "Low Memory Detector" daemon [_thread_blocked, id=5360]
  0x02adac00 JavaThread "CompilerThread0" daemon [_thread_blocked, id=4704]
  0x02ad7000 JavaThread "Attach Listener" daemon [_thread_blocked, id=5380]
  0x02ad6400 JavaThread "Signal Dispatcher" daemon [_thread_blocked, id=5400]
  0x02ace400 JavaThread "Finalizer" daemon [_thread_blocked, id=5420]
  0x02acd000 JavaThread "Reference Handler" daemon [_thread_blocked, id=4964]

Other Threads:
  0x02ac3c00 VMThread [id=5176]
  0x02ade800 WatcherThread [id=5224]

VM state:not at safepoint (normal execution)

VM Mutex/Monitor currently owned by a thread: None

Heap
 def new generation   total 960K, used 392K [0x22960000, 0x22a60000, 0x22e40000)
  eden space 896K,  43% used [0x22960000, 0x229c2148, 0x22a40000)
  from space 64K,   0% used [0x22a40000, 0x22a40000, 0x22a50000)
  to   space 64K,   0% used [0x22a50000, 0x22a50000, 0x22a60000)
 tenured generation   total 4096K, used 1414K [0x22e40000, 0x23240000, 0x26960000)
   the space 4096K,  34% used [0x22e40000, 0x22fa1800, 0x22fa1800, 0x23240000)
 compacting perm gen  total 12288K, used 221K [0x26960000, 0x27560000, 0x2a960000)
   the space 12288K,   1% used [0x26960000, 0x269974b8, 0x26997600, 0x27560000)
    ro space 8192K,  62% used [0x2a960000, 0x2ae5b9c8, 0x2ae5ba00, 0x2b160000)
    rw space 12288K,  52% used [0x2b160000, 0x2b79e348, 0x2b79e400, 0x2bd60000)

Dynamic libraries:
0x00400000 - 0x00432000 	C:\WINDOWS\system32\java.exe
0x7c900000 - 0x7c9b0000 	C:\WINDOWS\system32\ntdll.dll
0x7c800000 - 0x7c8f4000 	C:\WINDOWS\system32\kernel32.dll
0x77dd0000 - 0x77e6b000 	C:\WINDOWS\system32\ADVAPI32.dll
0x77e70000 - 0x77f01000 	C:\WINDOWS\system32\RPCRT4.dll
0x7c340000 - 0x7c396000 	C:\Program Files\Java\jre1.6.0\bin\msvcr71.dll
0x6d7c0000 - 0x6da07000 	C:\Program Files\Java\jre1.6.0\bin\client\jvm.dll
0x77d40000 - 0x77dd0000 	C:\WINDOWS\system32\USER32.dll
0x77f10000 - 0x77f56000 	C:\WINDOWS\system32\GDI32.dll
0x76b40000 - 0x76b6d000 	C:\WINDOWS\system32\WINMM.dll
0x6d310000 - 0x6d318000 	C:\Program Files\Java\jre1.6.0\bin\hpi.dll
0x76bf0000 - 0x76bfb000 	C:\WINDOWS\system32\PSAPI.DLL
0x6d770000 - 0x6d77c000 	C:\Program Files\Java\jre1.6.0\bin\verify.dll
0x6d3b0000 - 0x6d3cf000 	C:\Program Files\Java\jre1.6.0\bin\java.dll
0x6d7b0000 - 0x6d7bf000 	C:\Program Files\Java\jre1.6.0\bin\zip.dll
0x6d570000 - 0x6d583000 	C:\Program Files\Java\jre1.6.0\bin\net.dll
0x71ab0000 - 0x71ac7000 	C:\WINDOWS\system32\WS2_32.dll
0x77c10000 - 0x77c68000 	C:\WINDOWS\system32\msvcrt.dll
0x71aa0000 - 0x71aa8000 	C:\WINDOWS\system32\WS2HELP.dll
0x71a50000 - 0x71a8f000 	C:\WINDOWS\system32\mswsock.dll
0x662b0000 - 0x66308000 	C:\WINDOWS\system32\hnetcfg.dll
0x71a90000 - 0x71a98000 	C:\WINDOWS\System32\wshtcpip.dll
0x6d000000 - 0x6d1c3000 	C:\Program Files\Java\jre1.6.0\bin\awt.dll
0x73000000 - 0x73026000 	C:\WINDOWS\system32\WINSPOOL.DRV
0x76390000 - 0x763ad000 	C:\WINDOWS\system32\IMM32.dll
0x774e0000 - 0x7761c000 	C:\WINDOWS\system32\ole32.dll
0x73760000 - 0x737a9000 	C:\WINDOWS\system32\ddraw.dll
0x73bc0000 - 0x73bc6000 	C:\WINDOWS\system32\DCIMAN32.dll
0x6d2b0000 - 0x6d303000 	C:\Program Files\Java\jre1.6.0\bin\fontmanager.dll
0x74720000 - 0x7476b000 	C:\WINDOWS\system32\MSCTF.dll
0x7c9c0000 - 0x7d1d4000 	C:\WINDOWS\system32\shell32.dll
0x77f60000 - 0x77fd6000 	C:\WINDOWS\system32\SHLWAPI.dll
0x773d0000 - 0x774d2000 	C:\WINDOWS\WinSxS\x86_Microsoft.Windows.Common-Controls_6595b64144ccf1df_6.0.2600.2180_x-ww_a84f1ff9\comctl32.dll
0x5d090000 - 0x5d127000 	C:\WINDOWS\system32\comctl32.dll
0x6d590000 - 0x6d599000 	C:\Program Files\Java\jre1.6.0\bin\nio.dll
0x605d0000 - 0x605d9000 	C:\WINDOWS\system32\mslbui.dll
0x77120000 - 0x771ac000 	C:\WINDOWS\system32\OLEAUT32.DLL

VM Arguments:
java_command: SourceRouter
Launcher Type: SUN_STANDARD

Environment Variables:
CLASSPATH=C:\Program Files\Apache Software Foundation\Tomcat 5.5\common\lib\servlet-api.jar;.;C:\Program Files\Apache Software Foundation\Tomcat 5.5\common\lib\classes12.jar;
PATH=D:\Program Files\Business Objects\common\3.5\bin\NOTES\;D:\Program Files\Business Objects\common\3.5\bin\NOTES\DATA\;D:\oracle\product\10.1.0\db_1\bin;C:\WINDOWS\system32;C:\WINDOWS;C:\WINDOWS\System32\Wbem;C:\Program Files\Java\jdk1.6.0\bin;.;.;C:\Program Files\Java\jdk1.6.0;
USERNAME=admin
OS=Windows_NT
PROCESSOR_IDENTIFIER=x86 Family 6 Model 15 Stepping 13, GenuineIntel



---------------  S Y S T E M  ---------------

OS: Windows XP Build 2600 Service Pack 2

CPU:total 2 family 6, cmov, cx8, fxsr, mmx, sse, sse2

Memory: 4k page, physical 1037492k(198892k free), swap 3033560k(2016896k free)

vm_info: Java HotSpot(TM) Client VM (1.6.0-b105) for windows-x86, built on Nov 29 2006 00:48:48 by "java_re" with unknown MS VC++:1310

