#
# An unexpected error has been detected by Java Runtime Environment:
#
#  EXCEPTION_ACCESS_VIOLATION (0xc0000005) at pc=0x6d0e4e55, pid=5624, tid=6084
#
# Java VM: Java HotSpot(TM) Client VM (1.6.0-b105 mixed mode, sharing)
# Problematic frame:
# C  [awt.dll+0xe4e55]
#
# If you would like to submit a bug report, please visit:
#   http://java.sun.com/webapps/bugreport/crash.jsp
#

---------------  T H R E A D  ---------------

Current thread (0x02b36800):  JavaThread "AWT-Windows" daemon [_thread_in_native, id=6084]

siginfo: ExceptionCode=0xc0000005, reading address 0x02b290f8

Registers:
EAX=0x00000000, EBX=0x00000111, ECX=0x02b090d8, EDX=0x00008008
ESP=0x02f3f93c, EBP=0x00008008, ESI=0x02b00b20, EDI=0x7c8114ab
EIP=0x6d0e4e55, EFLAGS=0x00010296

Top of Stack: (sp=0x02f3f93c)
0x02f3f93c:   7c8114ab 0321fee0 02b00b20 02f3f994
0x02f3f94c:   6d13c5b8 ffffffff 6d101417 00008008
0x02f3f95c:   6d104506 00008008 00000000 00000000
0x02f3f96c:   00008008 0321fee0 02f3f9ec 00000111
0x02f3f97c:   00000001 02f3fa54 000602ba 02f3f9c0
0x02f3f98c:   00000000 02b368e8 02f3f9e0 6d13cee8
0x02f3f99c:   00000000 6d12b05e 00000111 00008008
0x02f3f9ac:   00000000 02f3fa54 000602ba 00000000 

Instructions: (pc=0x6d0e4e55)
0x6d0e4e45:   51 56 8b f1 8b 06 57 ff 10 8b 4e 38 8b 54 24 1c
0x6d0e4e55:   8b 3c 91 81 ff 00 80 00 00 8b ce c7 44 24 14 ff 


Stack: [0x02ef0000,0x02f40000),  sp=0x02f3f93c,  free space=318k
Native frames: (J=compiled Java code, j=interpreted, Vv=VM code, C=native code)
C  [awt.dll+0xe4e55]

[error occurred during error reporting, step 120, id 0xc0000005]

Java frames: (J=compiled Java code, j=interpreted, Vv=VM code)
j  sun.awt.windows.WToolkit.eventLoop()V+0
j  sun.awt.windows.WToolkit.run()V+69
j  java.lang.Thread.run()V+11
v  ~StubRoutines::call_stub

---------------  P R O C E S S  ---------------

Java Threads: ( => current thread )
  0x00306000 JavaThread "DestroyJavaVM" [_thread_blocked, id=5672]
  0x03235400 JavaThread "TimerQueue" daemon [_thread_blocked, id=6076]
  0x0321b400 JavaThread "AWT-EventQueue-0" [_thread_blocked, id=4016]
=>0x02b36800 JavaThread "AWT-Windows" daemon [_thread_in_native, id=6084]
  0x02b35c00 JavaThread "AWT-Shutdown" [_thread_blocked, id=6052]
  0x02b34800 JavaThread "Java2D Disposer" daemon [_thread_blocked, id=5680]
  0x02add000 JavaThread "Low Memory Detector" daemon [_thread_blocked, id=6080]
  0x02ad9400 JavaThread "CompilerThread0" daemon [_thread_blocked, id=5312]
  0x02ad7400 JavaThread "Attach Listener" daemon [_thread_blocked, id=5924]
  0x02ad6400 JavaThread "Signal Dispatcher" daemon [_thread_blocked, id=5628]
  0x02ace400 JavaThread "Finalizer" daemon [_thread_blocked, id=4820]
  0x02acd000 JavaThread "Reference Handler" daemon [_thread_blocked, id=5996]

Other Threads:
  0x02ac3c00 VMThread [id=4216]
  0x02ade800 WatcherThread [id=5676]

VM state:not at safepoint (normal execution)

VM Mutex/Monitor currently owned by a thread: None

Heap
 def new generation   total 960K, used 479K [0x22960000, 0x22a60000, 0x22e40000)
  eden space 896K,  46% used [0x22960000, 0x229c7d28, 0x22a40000)
  from space 64K,  99% used [0x22a50000, 0x22a5fff8, 0x22a60000)
  to   space 64K,   0% used [0x22a40000, 0x22a40000, 0x22a50000)
 tenured generation   total 4096K, used 1312K [0x22e40000, 0x23240000, 0x26960000)
   the space 4096K,  32% used [0x22e40000, 0x22f880d0, 0x22f88200, 0x23240000)
 compacting perm gen  total 12288K, used 356K [0x26960000, 0x27560000, 0x2a960000)
   the space 12288K,   2% used [0x26960000, 0x269b92f8, 0x269b9400, 0x27560000)
    ro space 8192K,  62% used [0x2a960000, 0x2ae5b9c8, 0x2ae5ba00, 0x2b160000)
    rw space 12288K,  52% used [0x2b160000, 0x2b79e348, 0x2b79e400, 0x2bd60000)

Dynamic libraries:
0x00400000 - 0x00432000 	C:\WINDOWS\system32\java.exe
0x7c900000 - 0x7c9b0000 	C:\WINDOWS\system32\ntdll.dll
0x7c800000 - 0x7c8f4000 	C:\WINDOWS\system32\kernel32.dll
0x77dd0000 - 0x77e6b000 	C:\WINDOWS\system32\ADVAPI32.dll
0x77e70000 - 0x77f01000 	C:\WINDOWS\system32\RPCRT4.dll
0x7c340000 - 0x7c396000 	C:\Program Files\Java\jre1.6.0\bin\msvcr71.dll
0x6d7c0000 - 0x6da07000 	C:\Program Files\Java\jre1.6.0\bin\client\jvm.dll
0x77d40000 - 0x77dd0000 	C:\WINDOWS\system32\USER32.dll
0x77f10000 - 0x77f56000 	C:\WINDOWS\system32\GDI32.dll
0x76b40000 - 0x76b6d000 	C:\WINDOWS\system32\WINMM.dll
0x6d310000 - 0x6d318000 	C:\Program Files\Java\jre1.6.0\bin\hpi.dll
0x76bf0000 - 0x76bfb000 	C:\WINDOWS\system32\PSAPI.DLL
0x6d770000 - 0x6d77c000 	C:\Program Files\Java\jre1.6.0\bin\verify.dll
0x6d3b0000 - 0x6d3cf000 	C:\Program Files\Java\jre1.6.0\bin\java.dll
0x6d7b0000 - 0x6d7bf000 	C:\Program Files\Java\jre1.6.0\bin\zip.dll
0x6d000000 - 0x6d1c3000 	C:\Program Files\Java\jre1.6.0\bin\awt.dll
0x73000000 - 0x73026000 	C:\WINDOWS\system32\WINSPOOL.DRV
0x77c10000 - 0x77c68000 	C:\WINDOWS\system32\msvcrt.dll
0x76390000 - 0x763ad000 	C:\WINDOWS\system32\IMM32.dll
0x774e0000 - 0x7761c000 	C:\WINDOWS\system32\ole32.dll
0x73760000 - 0x737a9000 	C:\WINDOWS\system32\ddraw.dll
0x73bc0000 - 0x73bc6000 	C:\WINDOWS\system32\DCIMAN32.dll
0x6d2b0000 - 0x6d303000 	C:\Program Files\Java\jre1.6.0\bin\fontmanager.dll
0x74720000 - 0x7476b000 	C:\WINDOWS\system32\MSCTF.dll
0x7c9c0000 - 0x7d1d4000 	C:\WINDOWS\system32\shell32.dll
0x77f60000 - 0x77fd6000 	C:\WINDOWS\system32\SHLWAPI.dll
0x773d0000 - 0x774d2000 	C:\WINDOWS\WinSxS\x86_Microsoft.Windows.Common-Controls_6595b64144ccf1df_6.0.2600.2180_x-ww_a84f1ff9\comctl32.dll
0x5d090000 - 0x5d127000 	C:\WINDOWS\system32\comctl32.dll
0x6d570000 - 0x6d583000 	C:\Program Files\Java\jre1.6.0\bin\net.dll
0x71ab0000 - 0x71ac7000 	C:\WINDOWS\system32\WS2_32.dll
0x71aa0000 - 0x71aa8000 	C:\WINDOWS\system32\WS2HELP.dll
0x71a50000 - 0x71a8f000 	C:\WINDOWS\system32\mswsock.dll
0x662b0000 - 0x66308000 	C:\WINDOWS\system32\hnetcfg.dll
0x71a90000 - 0x71a98000 	C:\WINDOWS\System32\wshtcpip.dll
0x6d590000 - 0x6d599000 	C:\Program Files\Java\jre1.6.0\bin\nio.dll
0x605d0000 - 0x605d9000 	C:\WINDOWS\system32\mslbui.dll
0x77120000 - 0x771ac000 	C:\WINDOWS\system32\OLEAUT32.DLL

VM Arguments:
java_command: SenderUI
Launcher Type: SUN_STANDARD

Environment Variables:
CLASSPATH=C:\Program Files\Apache Software Foundation\Tomcat 5.5\common\lib\servlet-api.jar;.;C:\Program Files\Apache Software Foundation\Tomcat 5.5\common\lib\classes12.jar;
PATH=D:\Program Files\Business Objects\common\3.5\bin\NOTES\;D:\Program Files\Business Objects\common\3.5\bin\NOTES\DATA\;D:\oracle\product\10.1.0\db_1\bin;C:\WINDOWS\system32;C:\WINDOWS;C:\WINDOWS\System32\Wbem;C:\Program Files\Java\jdk1.6.0\bin;.;.;C:\Program Files\Java\jdk1.6.0;
USERNAME=admin
OS=Windows_NT
PROCESSOR_IDENTIFIER=x86 Family 6 Model 15 Stepping 13, GenuineIntel



---------------  S Y S T E M  ---------------

OS: Windows XP Build 2600 Service Pack 2

CPU:total 2 family 6, cmov, cx8, fxsr, mmx, sse, sse2

Memory: 4k page, physical 1037492k(198556k free), swap 3033560k(2017164k free)

vm_info: Java HotSpot(TM) Client VM (1.6.0-b105) for windows-x86, built on Nov 29 2006 00:48:48 by "java_re" with unknown MS VC++:1310

